0 info it worked if it ends with ok
1 verbose cli [ 'C:\\Program Files\\nodejs\\node.exe',
1 verbose cli   'C:\\Users\\Andy\\AppData\\Roaming\\npm\\node_modules\\npm\\bin\\npm-cli.js',
1 verbose cli   'install',
1 verbose cli   '-g' ]
2 info using npm@4.1.1
3 info using node@v6.9.4
4 silly loadCurrentTree Starting
5 silly install loadCurrentTree
6 silly install readGlobalPackageData
7 silly fetchPackageMetaData .
8 silly fetchOtherPackageData .
9 silly cache add args [ '.', null ]
10 verbose cache add spec .
11 silly cache add parsed spec Result {
11 silly cache add   raw: '.',
11 silly cache add   scope: null,
11 silly cache add   escapedName: null,
11 silly cache add   name: null,
11 silly cache add   rawSpec: '.',
11 silly cache add   spec: 'C:\\Users\\Andy\\Google Drive\\Programming\\moment\\moment2',
11 silly cache add   type: 'local' }
12 error addLocal Could not install C:\Users\Andy\Google Drive\Programming\moment\moment2
13 silly fetchPackageMetaData Error: EISDIR: illegal operation on a directory, read
13 silly fetchPackageMetaData     at Error (native)
13 silly fetchPackageMetaData  error for . { Error: EISDIR: illegal operation on a directory, read
13 silly fetchPackageMetaData     at Error (native) errno: -4068, code: 'EISDIR', syscall: 'read' }
14 silly rollbackFailedOptional Starting
15 verbose stack TypeError: Cannot read property 'path' of null
15 verbose stack     at Object.Installer.rollbackFailedOptional (C:\Users\Andy\AppData\Roaming\npm\node_modules\npm\lib\install.js:511:29)
15 verbose stack     at Array.<anonymous> (C:\Users\Andy\AppData\Roaming\npm\node_modules\npm\node_modules\slide\lib\bind-actor.js:15:8)
15 verbose stack     at LOOP (C:\Users\Andy\AppData\Roaming\npm\node_modules\npm\node_modules\slide\lib\chain.js:15:14)
15 verbose stack     at C:\Users\Andy\AppData\Roaming\npm\node_modules\npm\node_modules\slide\lib\chain.js:18:7
15 verbose stack     at C:\Users\Andy\AppData\Roaming\npm\node_modules\npm\lib\install.js:337:5
15 verbose stack     at Array.<anonymous> (C:\Users\Andy\AppData\Roaming\npm\node_modules\npm\node_modules\slide\lib\bind-actor.js:15:8)
15 verbose stack     at LOOP (C:\Users\Andy\AppData\Roaming\npm\node_modules\npm\node_modules\slide\lib\chain.js:15:14)
15 verbose stack     at chain (C:\Users\Andy\AppData\Roaming\npm\node_modules\npm\node_modules\slide\lib\chain.js:20:5)
15 verbose stack     at C:\Users\Andy\AppData\Roaming\npm\node_modules\npm\lib\install.js:294:5
15 verbose stack     at C:\Users\Andy\AppData\Roaming\npm\node_modules\npm\node_modules\slide\lib\chain.js:16:22
16 verbose cwd C:\Users\Andy\Google Drive\Programming\moment\moment2
17 error Windows_NT 10.0.14393
18 error argv "C:\\Program Files\\nodejs\\node.exe" "C:\\Users\\Andy\\AppData\\Roaming\\npm\\node_modules\\npm\\bin\\npm-cli.js" "install" "-g"
19 error node v6.9.4
20 error npm  v4.1.1
21 error Cannot read property 'path' of null
22 error If you need help, you may report this error at:
22 error     <https://github.com/npm/npm/issues>
23 verbose exit [ 1, true ]
